2024/02/23 17:54:25 [notice] 1#1: using the "epoll" event method
2024/02/23 17:54:25 [notice] 1#1: nginx/1.25.4
2024/02/23 17:54:25 [notice] 1#1: built by gcc 12.2.0 (Debian 12.2.0-14) 
2024/02/23 17:54:25 [notice] 1#1: OS: Linux 6.5.0-15-generic
2024/02/23 17:54:25 [notice] 1#1: getrlimit(RLIMIT_NOFILE): 1048576:1048576
2024/02/23 17:54:25 [notice] 1#1: start worker processes
2024/02/23 17:54:25 [notice] 1#1: start worker process 28
2024/02/23 17:54:25 [notice] 1#1: start worker process 29
2024/02/23 17:54:25 [notice] 1#1: start worker process 30
2024/02/23 17:54:25 [notice] 1#1: start worker process 31
2024/02/23 17:55:04 [error] 28#28: *20 connect() failed (111: Connection refused) while connecting to upstream, client: 172.31.0.1, server: hom.obras.com, request: "GET /users/sign_in HTTP/1.1", upstream: "http://172.31.0.6:3000/users/sign_in", host: "hom.obras.com"
2024/02/23 17:55:04 [error] 28#28: *20 connect() failed (111: Connection refused) while connecting to upstream, client: 172.31.0.1, server: hom.obras.com, request: "GET /users/sign_in HTTP/1.1", upstream: "http://172.31.0.8:3000/users/sign_in", host: "hom.obras.com"
2024/02/23 17:58:50 [notice] 1#1: signal 3 (SIGQUIT) received, shutting down
2024/02/23 17:58:50 [notice] 28#28: gracefully shutting down
2024/02/23 17:58:50 [notice] 31#31: gracefully shutting down
2024/02/23 17:58:50 [notice] 28#28: exiting
2024/02/23 17:58:50 [notice] 31#31: exiting
2024/02/23 17:58:50 [notice] 28#28: exit
2024/02/23 17:58:50 [notice] 31#31: exit
2024/02/23 17:58:50 [notice] 29#29: gracefully shutting down
2024/02/23 17:58:50 [notice] 29#29: exiting
2024/02/23 17:58:50 [notice] 30#30: gracefully shutting down
2024/02/23 17:58:50 [notice] 30#30: exiting
2024/02/23 17:58:50 [notice] 29#29: exit
2024/02/23 17:58:50 [notice] 30#30: exit
2024/02/23 17:58:50 [notice] 1#1: signal 17 (SIGCHLD) received from 28
2024/02/23 17:58:50 [notice] 1#1: worker process 28 exited with code 0
2024/02/23 17:58:50 [notice] 1#1: signal 29 (SIGIO) received
2024/02/23 17:58:50 [notice] 1#1: signal 17 (SIGCHLD) received from 31
2024/02/23 17:58:50 [notice] 1#1: worker process 30 exited with code 0
2024/02/23 17:58:50 [notice] 1#1: worker process 31 exited with code 0
2024/02/23 17:58:50 [notice] 1#1: signal 29 (SIGIO) received
2024/02/23 17:58:50 [notice] 1#1: signal 17 (SIGCHLD) received from 29
2024/02/23 17:58:50 [notice] 1#1: worker process 29 exited with code 0
2024/02/23 17:58:50 [notice] 1#1: exit
2024/02/23 18:01:03 [emerg] 1#1: host not found in upstream "development_secondary_web:3000" in /etc/nginx/conf.d/default.conf:107
2024/02/23 18:05:38 [emerg] 1#1: host not found in upstream "development_secondary_web:3000" in /etc/nginx/conf.d/default.conf:107
2024/02/23 18:08:36 [notice] 1#1: using the "epoll" event method
2024/02/23 18:08:36 [notice] 1#1: nginx/1.25.4
2024/02/23 18:08:36 [notice] 1#1: built by gcc 12.2.0 (Debian 12.2.0-14) 
2024/02/23 18:08:36 [notice] 1#1: OS: Linux 6.5.0-15-generic
2024/02/23 18:08:36 [notice] 1#1: getrlimit(RLIMIT_NOFILE): 1048576:1048576
2024/02/23 18:08:36 [notice] 1#1: start worker processes
2024/02/23 18:08:36 [notice] 1#1: start worker process 28
2024/02/23 18:08:36 [notice] 1#1: start worker process 29
2024/02/23 18:08:36 [notice] 1#1: start worker process 30
2024/02/23 18:08:36 [notice] 1#1: start worker process 31
2024/02/23 18:08:36 [error] 29#29: *1 connect() failed (111: Connection refused) while connecting to upstream, client: 192.168.80.1, server: dev.obras.com, request: "GET /users/sign_in HTTP/1.1", upstream: "http://192.168.80.5:3000/users/sign_in", host: "dev.obras.com"
2024/02/23 18:08:39 [error] 28#28: *5 connect() failed (111: Connection refused) while connecting to upstream, client: 192.168.80.1, server: dev.obras.com, request: "GET /users/sign_in HTTP/1.1", upstream: "http://192.168.80.5:3000/users/sign_in", host: "dev.obras.com"
2024/02/23 18:09:53 [notice] 1#1: signal 3 (SIGQUIT) received, shutting down
2024/02/23 18:09:53 [notice] 28#28: gracefully shutting down
2024/02/23 18:09:53 [notice] 29#29: gracefully shutting down
2024/02/23 18:09:53 [notice] 28#28: exiting
2024/02/23 18:09:53 [notice] 29#29: exiting
2024/02/23 18:09:53 [notice] 28#28: exit
2024/02/23 18:09:53 [notice] 31#31: gracefully shutting down
2024/02/23 18:09:53 [notice] 29#29: exit
2024/02/23 18:09:53 [notice] 31#31: exiting
2024/02/23 18:09:53 [notice] 31#31: exit
2024/02/23 18:09:53 [notice] 30#30: gracefully shutting down
2024/02/23 18:09:53 [notice] 30#30: exiting
2024/02/23 18:09:53 [notice] 30#30: exit
2024/02/23 18:09:53 [notice] 1#1: signal 17 (SIGCHLD) received from 31
2024/02/23 18:09:53 [notice] 1#1: worker process 28 exited with code 0
2024/02/23 18:09:53 [notice] 1#1: worker process 31 exited with code 0
2024/02/23 18:09:53 [notice] 1#1: signal 29 (SIGIO) received
2024/02/23 18:09:53 [notice] 1#1: signal 17 (SIGCHLD) received from 28
2024/02/23 18:09:53 [notice] 1#1: signal 17 (SIGCHLD) received from 29
2024/02/23 18:09:53 [notice] 1#1: worker process 29 exited with code 0
2024/02/23 18:09:53 [notice] 1#1: worker process 30 exited with code 0
2024/02/23 18:09:53 [notice] 1#1: exit
2024/02/23 18:11:39 [emerg] 1#1: host not found in upstream "development_secondary_web:3000" in /etc/nginx/conf.d/default.conf:2
2024/02/23 18:14:00 [emerg] 1#1: host not found in upstream "development_secondary_web:3000" in /etc/nginx/conf.d/default.conf:107
2024/02/23 18:21:29 [emerg] 1#1: host not found in upstream "development_secondary_web:3000" in /etc/nginx/conf.d/default.conf:2
2024/02/23 18:23:31 [emerg] 1#1: host not found in upstream "development_secondary_web:3000" in /etc/nginx/conf.d/default.conf:2
2024/02/23 18:25:04 [emerg] 1#1: host not found in upstream "development_secondary_web:3000" in /etc/nginx/conf.d/default.conf:2
2024/02/23 18:30:19 [emerg] 1#1: host not found in upstream "development_secondary_web:3000" in /etc/nginx/conf.d/default.conf:2
2024/02/23 18:34:10 [notice] 1#1: using the "epoll" event method
2024/02/23 18:34:10 [notice] 1#1: nginx/1.25.4
2024/02/23 18:34:10 [notice] 1#1: built by gcc 12.2.0 (Debian 12.2.0-14) 
2024/02/23 18:34:10 [notice] 1#1: OS: Linux 6.5.0-15-generic
2024/02/23 18:34:10 [notice] 1#1: getrlimit(RLIMIT_NOFILE): 1048576:1048576
2024/02/23 18:34:10 [notice] 1#1: start worker processes
2024/02/23 18:34:10 [notice] 1#1: start worker process 28
2024/02/23 18:34:10 [notice] 1#1: start worker process 29
2024/02/23 18:34:10 [notice] 1#1: start worker process 30
2024/02/23 18:34:10 [notice] 1#1: start worker process 31
2024/02/23 18:34:35 [notice] 1#1: signal 3 (SIGQUIT) received, shutting down
2024/02/23 18:34:35 [notice] 28#28: gracefully shutting down
2024/02/23 18:34:35 [notice] 28#28: exiting
2024/02/23 18:34:35 [notice] 28#28: exit
2024/02/23 18:34:35 [notice] 30#30: gracefully shutting down
2024/02/23 18:34:35 [notice] 30#30: exiting
2024/02/23 18:34:35 [notice] 30#30: exit
2024/02/23 18:34:35 [notice] 31#31: gracefully shutting down
2024/02/23 18:34:35 [notice] 31#31: exiting
2024/02/23 18:34:35 [notice] 29#29: gracefully shutting down
2024/02/23 18:34:35 [notice] 29#29: exiting
2024/02/23 18:34:35 [notice] 29#29: exit
2024/02/23 18:34:35 [notice] 31#31: exit
2024/02/23 18:34:35 [notice] 1#1: signal 17 (SIGCHLD) received from 31
2024/02/23 18:34:35 [notice] 1#1: worker process 31 exited with code 0
2024/02/23 18:34:35 [notice] 1#1: signal 29 (SIGIO) received
2024/02/23 18:34:35 [notice] 1#1: signal 17 (SIGCHLD) received from 29
2024/02/23 18:34:35 [notice] 1#1: worker process 29 exited with code 0
2024/02/23 18:34:35 [notice] 1#1: signal 29 (SIGIO) received
2024/02/23 18:34:35 [notice] 1#1: signal 17 (SIGCHLD) received from 30
2024/02/23 18:34:35 [notice] 1#1: worker process 30 exited with code 0
2024/02/23 18:34:35 [notice] 1#1: signal 29 (SIGIO) received
2024/02/23 18:34:35 [notice] 1#1: signal 17 (SIGCHLD) received from 28
2024/02/23 18:34:35 [notice] 1#1: worker process 28 exited with code 0
2024/02/23 18:34:35 [notice] 1#1: exit
2024/02/23 18:35:06 [emerg] 1#1: host not found in upstream "development_secondary_web:3000" in /etc/nginx/conf.d/default.conf:2
2024/02/23 18:38:15 [emerg] 1#1: host not found in upstream "development_secondary_web:3000" in /etc/nginx/conf.d/default.conf:2
2024/02/23 18:41:37 [notice] 1#1: using the "epoll" event method
2024/02/23 18:41:37 [notice] 1#1: nginx/1.25.4
2024/02/23 18:41:37 [notice] 1#1: built by gcc 12.2.0 (Debian 12.2.0-14) 
2024/02/23 18:41:37 [notice] 1#1: OS: Linux 6.5.0-15-generic
2024/02/23 18:41:37 [notice] 1#1: getrlimit(RLIMIT_NOFILE): 1048576:1048576
2024/02/23 18:41:37 [notice] 1#1: start worker processes
2024/02/23 18:41:37 [notice] 1#1: start worker process 28
2024/02/23 18:41:37 [notice] 1#1: start worker process 29
2024/02/23 18:41:37 [notice] 1#1: start worker process 30
2024/02/23 18:41:37 [notice] 1#1: start worker process 31
2024/02/23 18:43:20 [notice] 1#1: signal 3 (SIGQUIT) received, shutting down
2024/02/23 18:43:20 [notice] 29#29: gracefully shutting down
2024/02/23 18:43:20 [notice] 30#30: gracefully shutting down
2024/02/23 18:43:20 [notice] 29#29: exiting
2024/02/23 18:43:20 [notice] 30#30: exiting
2024/02/23 18:43:20 [notice] 30#30: exit
2024/02/23 18:43:20 [notice] 29#29: exit
2024/02/23 18:43:20 [notice] 28#28: gracefully shutting down
2024/02/23 18:43:20 [notice] 28#28: exiting
2024/02/23 18:43:20 [notice] 31#31: gracefully shutting down
2024/02/23 18:43:20 [notice] 31#31: exiting
2024/02/23 18:43:20 [notice] 28#28: exit
2024/02/23 18:43:20 [notice] 31#31: exit
2024/02/23 18:43:20 [notice] 1#1: signal 17 (SIGCHLD) received from 29
2024/02/23 18:43:20 [notice] 1#1: worker process 29 exited with code 0
2024/02/23 18:43:20 [notice] 1#1: signal 29 (SIGIO) received
2024/02/23 18:43:20 [notice] 1#1: signal 17 (SIGCHLD) received from 30
2024/02/23 18:43:20 [notice] 1#1: worker process 30 exited with code 0
2024/02/23 18:43:20 [notice] 1#1: signal 29 (SIGIO) received
2024/02/23 18:43:20 [notice] 1#1: signal 17 (SIGCHLD) received from 28
2024/02/23 18:43:20 [notice] 1#1: worker process 28 exited with code 0
2024/02/23 18:43:20 [notice] 1#1: signal 29 (SIGIO) received
2024/02/23 18:43:20 [notice] 1#1: signal 17 (SIGCHLD) received from 31
2024/02/23 18:43:20 [notice] 1#1: worker process 31 exited with code 0
2024/02/23 18:43:20 [notice] 1#1: exit
2024/02/23 18:48:08 [emerg] 1#1: host not found in upstream "development_secondary_web:3000" in /etc/nginx/conf.d/default.conf:107
2024/02/23 19:01:28 [emerg] 1#1: host not found in upstream "development_secondary_web:3000" in /etc/nginx/conf.d/default.conf:107
2024/02/23 19:04:17 [emerg] 1#1: host not found in upstream "development_secondary_web:3000" in /etc/nginx/conf.d/default.conf:107
2024/02/23 19:07:33 [emerg] 1#1: host not found in upstream "development_secondary_web:3000" in /etc/nginx/conf.d/default.conf:107
2024/02/23 19:09:18 [emerg] 1#1: host not found in upstream "development_secondary_web:3000" in /etc/nginx/conf.d/default.conf:107
2024/02/23 19:14:19 [emerg] 1#1: host not found in upstream "development_secondary_web:3000" in /etc/nginx/conf.d/default.conf:107
2024/02/23 19:19:57 [notice] 1#1: using the "epoll" event method
2024/02/23 19:19:57 [notice] 1#1: nginx/1.25.4
2024/02/23 19:19:57 [notice] 1#1: built by gcc 12.2.0 (Debian 12.2.0-14) 
2024/02/23 19:19:57 [notice] 1#1: OS: Linux 6.5.0-15-generic
2024/02/23 19:19:57 [notice] 1#1: getrlimit(RLIMIT_NOFILE): 1048576:1048576
2024/02/23 19:19:57 [notice] 1#1: start worker processes
2024/02/23 19:19:57 [notice] 1#1: start worker process 28
2024/02/23 19:19:57 [notice] 1#1: start worker process 29
2024/02/23 19:19:57 [notice] 1#1: start worker process 30
2024/02/23 19:19:57 [notice] 1#1: start worker process 31
2024/02/23 19:23:24 [notice] 1#1: signal 3 (SIGQUIT) received, shutting down
2024/02/23 19:23:24 [notice] 29#29: gracefully shutting down
2024/02/23 19:23:24 [notice] 29#29: exiting
2024/02/23 19:23:24 [notice] 29#29: exit
2024/02/23 19:23:24 [notice] 30#30: gracefully shutting down
2024/02/23 19:23:24 [notice] 30#30: exiting
2024/02/23 19:23:24 [notice] 28#28: gracefully shutting down
2024/02/23 19:23:24 [notice] 28#28: exiting
2024/02/23 19:23:24 [notice] 30#30: exit
2024/02/23 19:23:24 [notice] 28#28: exit
2024/02/23 19:23:24 [notice] 31#31: gracefully shutting down
2024/02/23 19:23:24 [notice] 31#31: exiting
2024/02/23 19:23:24 [notice] 31#31: exit
2024/02/23 19:23:24 [notice] 1#1: signal 17 (SIGCHLD) received from 30
2024/02/23 19:23:24 [notice] 1#1: worker process 30 exited with code 0
2024/02/23 19:23:24 [notice] 1#1: signal 29 (SIGIO) received
2024/02/23 19:23:24 [notice] 1#1: signal 17 (SIGCHLD) received from 31
2024/02/23 19:23:24 [notice] 1#1: worker process 31 exited with code 0
2024/02/23 19:23:24 [notice] 1#1: signal 29 (SIGIO) received
2024/02/23 19:23:24 [notice] 1#1: signal 17 (SIGCHLD) received from 29
2024/02/23 19:23:24 [notice] 1#1: worker process 29 exited with code 0
2024/02/23 19:23:24 [notice] 1#1: signal 29 (SIGIO) received
2024/02/23 19:23:24 [notice] 1#1: signal 17 (SIGCHLD) received from 28
2024/02/23 19:23:24 [notice] 1#1: worker process 28 exited with code 0
2024/02/23 19:23:24 [notice] 1#1: exit
2024/02/23 19:23:47 [notice] 1#1: using the "epoll" event method
2024/02/23 19:23:47 [notice] 1#1: nginx/1.25.4
2024/02/23 19:23:47 [notice] 1#1: built by gcc 12.2.0 (Debian 12.2.0-14) 
2024/02/23 19:23:47 [notice] 1#1: OS: Linux 6.5.0-15-generic
2024/02/23 19:23:47 [notice] 1#1: getrlimit(RLIMIT_NOFILE): 1048576:1048576
2024/02/23 19:23:47 [notice] 1#1: start worker processes
2024/02/23 19:23:47 [notice] 1#1: start worker process 28
2024/02/23 19:23:47 [notice] 1#1: start worker process 29
2024/02/23 19:23:47 [notice] 1#1: start worker process 30
2024/02/23 19:23:47 [notice] 1#1: start worker process 31
2024/02/23 19:46:00 [notice] 1#1: signal 3 (SIGQUIT) received, shutting down
2024/02/23 19:46:00 [notice] 28#28: gracefully shutting down
2024/02/23 19:46:00 [notice] 28#28: exiting
2024/02/23 19:46:00 [notice] 31#31: gracefully shutting down
2024/02/23 19:46:00 [notice] 31#31: exiting
2024/02/23 19:46:00 [notice] 31#31: exit
2024/02/23 19:46:00 [notice] 28#28: exit
2024/02/23 19:46:00 [notice] 30#30: gracefully shutting down
2024/02/23 19:46:00 [notice] 30#30: exiting
2024/02/23 19:46:00 [notice] 30#30: exit
2024/02/23 19:46:00 [notice] 29#29: gracefully shutting down
2024/02/23 19:46:00 [notice] 29#29: exiting
2024/02/23 19:46:00 [notice] 29#29: exit
2024/02/23 19:46:00 [notice] 1#1: signal 17 (SIGCHLD) received from 28
2024/02/23 19:46:00 [notice] 1#1: worker process 28 exited with code 0
2024/02/23 19:46:00 [notice] 1#1: signal 29 (SIGIO) received
2024/02/23 19:46:00 [notice] 1#1: signal 17 (SIGCHLD) received from 30
2024/02/23 19:46:00 [notice] 1#1: worker process 30 exited with code 0
2024/02/23 19:46:00 [notice] 1#1: signal 29 (SIGIO) received
2024/02/23 19:46:00 [notice] 1#1: signal 17 (SIGCHLD) received from 31
2024/02/23 19:46:00 [notice] 1#1: worker process 31 exited with code 0
2024/02/23 19:46:00 [notice] 1#1: signal 29 (SIGIO) received
2024/02/23 19:46:00 [notice] 1#1: signal 17 (SIGCHLD) received from 29
2024/02/23 19:46:00 [notice] 1#1: worker process 29 exited with code 0
2024/02/23 19:46:00 [notice] 1#1: exit
